  [1m[36m (8.8ms)[0m  [1mCREATE TABLE "schema_migrations" ("version" character varying NOT NULL) [0m
  [1m[35m (7.8ms)[0m  CREATE UNIQUE INDEX  "unique_schema_migrations" ON "schema_migrations"  ("version")
  [1m[36mActiveRecord::SchemaMigration Load (0.3ms)[0m  [1mSELECT "schema_migrations".* FROM "schema_migrations"[0m
Migrating to CreateMovies (20231121095836)
  [1m[35m (0.1ms)[0m  BEGIN
  [1m[36m (12.2ms)[0m  [1mCREATE TABLE "movies" ("id" serial primary key, "title" character varying, "imdbID" character varying, "created_at" timestamp NOT NULL, "updated_at" timestamp NOT NULL) [0m
  [1m[35mSQL (0.3ms)[0m  INSERT INTO "schema_migrations" ("version") VALUES ($1)  [["version", "20231121095836"]]
  [1m[36m (2.4ms)[0m  [1mCOMMIT[0m
  [1m[35mActiveRecord::SchemaMigration Load (0.3ms)[0m  SELECT "schema_migrations".* FROM "schema_migrations"
  [1m[36m (2.2ms)[0m  [1mSELECT t2.oid::regclass::text AS to_table, a1.attname AS column, a2.attname AS primary_key, c.conname AS name, c.confupdtype AS on_update, c.confdeltype AS on_delete
FROM pg_constraint c
JOIN pg_class t1 ON c.conrelid = t1.oid
JOIN pg_class t2 ON c.confrelid = t2.oid
JOIN pg_attribute a1 ON a1.attnum = c.conkey[1] AND a1.attrelid = t1.oid
JOIN pg_attribute a2 ON a2.attnum = c.confkey[1] AND a2.attrelid = t2.oid
JOIN pg_namespace t3 ON c.connamespace = t3.oid
WHERE c.contype = 'f'
  AND t1.relname = 'movies'
  AND t3.nspname = ANY (current_schemas(false))
ORDER BY c.conname
[0m


Started GET "/" for 127.0.0.1 at 2023-11-21 15:45:52 +0530
  [1m[36mActiveRecord::SchemaMigration Load (0.9ms)[0m  [1mSELECT "schema_migrations".* FROM "schema_migrations"[0m
Processing by MoviesController#index as HTML
  [1m[35mMovie Load (0.6ms)[0m  SELECT "movies".* FROM "movies"
  Rendered movies/index.html.erb within layouts/application (3.9ms)
Completed 200 OK in 378ms (Views: 370.9ms | ActiveRecord: 1.3ms)


Started GET "/assets/movies.self-e3b0c44298fc1c149afbf4c8996fb92427ae41e4649b934ca495991b7852b855.css?body=1" for 127.0.0.1 at 2023-11-21 15:45:52 +0530


Started GET "/assets/application.self-e80e8f2318043e8af94dddc2adad5a4f09739a8ebb323b3ab31cd71d45fd9113.css?body=1" for 127.0.0.1 at 2023-11-21 15:45:52 +0530


Started GET "/assets/application.self-3b8dabdc891efe46b9a144b400ad69e37d7e5876bdc39dee783419a69d7ca819.js?body=1" for 127.0.0.1 at 2023-11-21 15:45:52 +0530


Started GET "/assets/jquery.self-bd7ddd393353a8d2480a622e80342adf488fb6006d667e8b42e4c0073393abee.js?body=1" for 127.0.0.1 at 2023-11-21 15:45:52 +0530


Started GET "/assets/jquery_ujs.self-a6375ab2b275439c922ac52b02a475d288976458aa11a6e8103c925ef2961f66.js?body=1" for 127.0.0.1 at 2023-11-21 15:45:52 +0530


Started GET "/assets/movies.self-877aef30ae1b040ab8a3aba4e3e309a11d7f2612f44dde450b5c157aa5f95c05.js?body=1" for 127.0.0.1 at 2023-11-21 15:45:52 +0530


Started GET "/assets/turbolinks.self-569ee74eaa15c1e2019317ff770b8769b1ec033a0f572a485f64c82ddc8f989e.js?body=1" for 127.0.0.1 at 2023-11-21 15:45:52 +0530


Started GET "/" for 127.0.0.1 at 2023-11-21 15:46:17 +0530
Processing by MoviesController#index as HTML
  [1m[36mMovie Load (0.3ms)[0m  [1mSELECT "movies".* FROM "movies"[0m
  Rendered movies/index.html.erb within layouts/application (1.2ms)
Completed 200 OK in 13ms (Views: 11.5ms | ActiveRecord: 0.3ms)


Started GET "/" for 127.0.0.1 at 2023-11-21 15:47:06 +0530
Processing by MoviesController#index as HTML
  Rendered movies/index.html.erb within layouts/application (10.5ms)
Completed 500 Internal Server Error in 13ms (ActiveRecord: 0.0ms)

ActionView::Template::Error (undefined method `title' for "DDLG":String
Did you mean?  titleize):
    1: <!-- Display a list of movies -->
    2: <% @movies.each do |movie| %>
    3:   <h3><%= link_to movie.title, movie_path(movie) %></h3>
    4:   <%= button_to 'Add to Favorites', favorites_path(movie_id: movie.id), method: :post %>
    5: <% end %>
  app/views/movies/index.html.erb:3:in `block in _app_views_movies_index_html_erb__153827034035104010_70121125772520'
  app/views/movies/index.html.erb:2:in `each'
  app/views/movies/index.html.erb:2:in `_app_views_movies_index_html_erb__153827034035104010_70121125772520'


  Rendered /home/neelam/.rvm/gems/ruby-2.4.10/gems/actionpack-4.2.8/lib/action_dispatch/middleware/templates/rescues/_source.erb (2.8ms)
  Rendered /home/neelam/.rvm/gems/ruby-2.4.10/gems/actionpack-4.2.8/lib/action_dispatch/middleware/templates/rescues/_trace.html.erb (1.2ms)
  Rendered /home/neelam/.rvm/gems/ruby-2.4.10/gems/actionpack-4.2.8/lib/action_dispatch/middleware/templates/rescues/_request_and_response.html.erb (0.3ms)
  Rendered /home/neelam/.rvm/gems/ruby-2.4.10/gems/actionpack-4.2.8/lib/action_dispatch/middleware/templates/rescues/template_error.html.erb within rescues/layout (12.4ms)
  Rendered /home/neelam/.rvm/gems/ruby-2.4.10/gems/web-console-2.3.0/lib/web_console/templates/_markup.html.erb (0.2ms)
  Rendered /home/neelam/.rvm/gems/ruby-2.4.10/gems/web-console-2.3.0/lib/web_console/templates/_inner_console_markup.html.erb within layouts/inlined_string (0.2ms)
  Rendered /home/neelam/.rvm/gems/ruby-2.4.10/gems/web-console-2.3.0/lib/web_console/templates/_prompt_box_markup.html.erb within layouts/inlined_string (0.1ms)
  Rendered /home/neelam/.rvm/gems/ruby-2.4.10/gems/web-console-2.3.0/lib/web_console/templates/style.css.erb within layouts/inlined_string (0.1ms)
  Rendered /home/neelam/.rvm/gems/ruby-2.4.10/gems/web-console-2.3.0/lib/web_console/templates/console.js.erb within layouts/javascript (11.1ms)
  Rendered /home/neelam/.rvm/gems/ruby-2.4.10/gems/web-console-2.3.0/lib/web_console/templates/main.js.erb within layouts/javascript (0.2ms)
  Rendered /home/neelam/.rvm/gems/ruby-2.4.10/gems/web-console-2.3.0/lib/web_console/templates/error_page.js.erb within layouts/javascript (0.3ms)
  Rendered /home/neelam/.rvm/gems/ruby-2.4.10/gems/web-console-2.3.0/lib/web_console/templates/index.html.erb (22.6ms)


Started GET "/" for 127.0.0.1 at 2023-11-21 15:47:08 +0530
Processing by MoviesController#index as HTML
  Rendered movies/index.html.erb within layouts/application (3.7ms)
Completed 500 Internal Server Error in 6ms (ActiveRecord: 0.0ms)

ActionView::Template::Error (undefined method `title' for "DDLG":String
Did you mean?  titleize):
    1: <!-- Display a list of movies -->
    2: <% @movies.each do |movie| %>
    3:   <h3><%= link_to movie.title, movie_path(movie) %></h3>
    4:   <%= button_to 'Add to Favorites', favorites_path(movie_id: movie.id), method: :post %>
    5: <% end %>
  app/views/movies/index.html.erb:3:in `block in _app_views_movies_index_html_erb__153827034035104010_70121125772520'
  app/views/movies/index.html.erb:2:in `each'
  app/views/movies/index.html.erb:2:in `_app_views_movies_index_html_erb__153827034035104010_70121125772520'


  Rendered /home/neelam/.rvm/gems/ruby-2.4.10/gems/actionpack-4.2.8/lib/action_dispatch/middleware/templates/rescues/_source.erb (2.7ms)
  Rendered /home/neelam/.rvm/gems/ruby-2.4.10/gems/actionpack-4.2.8/lib/action_dispatch/middleware/templates/rescues/_trace.html.erb (1.3ms)
  Rendered /home/neelam/.rvm/gems/ruby-2.4.10/gems/actionpack-4.2.8/lib/action_dispatch/middleware/templates/rescues/_request_and_response.html.erb (0.3ms)
  Rendered /home/neelam/.rvm/gems/ruby-2.4.10/gems/actionpack-4.2.8/lib/action_dispatch/middleware/templates/rescues/template_error.html.erb within rescues/layout (10.3ms)
  Rendered /home/neelam/.rvm/gems/ruby-2.4.10/gems/web-console-2.3.0/lib/web_console/templates/_markup.html.erb (0.2ms)
  Rendered /home/neelam/.rvm/gems/ruby-2.4.10/gems/web-console-2.3.0/lib/web_console/templates/_inner_console_markup.html.erb within layouts/inlined_string (0.2ms)
  Rendered /home/neelam/.rvm/gems/ruby-2.4.10/gems/web-console-2.3.0/lib/web_console/templates/_prompt_box_markup.html.erb within layouts/inlined_string (0.1ms)
  Rendered /home/neelam/.rvm/gems/ruby-2.4.10/gems/web-console-2.3.0/lib/web_console/templates/style.css.erb within layouts/inlined_string (0.1ms)
  Rendered /home/neelam/.rvm/gems/ruby-2.4.10/gems/web-console-2.3.0/lib/web_console/templates/console.js.erb within layouts/javascript (7.7ms)
  Rendered /home/neelam/.rvm/gems/ruby-2.4.10/gems/web-console-2.3.0/lib/web_console/templates/main.js.erb within layouts/javascript (0.1ms)
  Rendered /home/neelam/.rvm/gems/ruby-2.4.10/gems/web-console-2.3.0/lib/web_console/templates/error_page.js.erb within layouts/javascript (0.2ms)
  Rendered /home/neelam/.rvm/gems/ruby-2.4.10/gems/web-console-2.3.0/lib/web_console/templates/index.html.erb (15.6ms)
  [1m[36mMovie Load (0.3ms)[0m  [1mSELECT  "movies".* FROM "movies"  ORDER BY "movies"."id" DESC LIMIT 1[0m
  [1m[35m (0.5ms)[0m  BEGIN
  [1m[36m (0.6ms)[0m  [1mROLLBACK[0m
  [1m[35m (0.5ms)[0m  BEGIN
  [1m[36m (0.4ms)[0m  [1mROLLBACK[0m
  [1m[35m (0.4ms)[0m  BEGIN
  [1m[36mSQL (0.9ms)[0m  [1mINSERT INTO "movies" ("title", "imdbID", "created_at", "updated_at") VALUES ($1, $2, $3, $4) RETURNING "id"[0m  [["title", "DDLJ"], ["imdbID", "1"], ["created_at", "2023-11-21 10:19:00.539872"], ["updated_at", "2023-11-21 10:19:00.539872"]]
  [1m[35m (29.5ms)[0m  COMMIT
  [1m[36m (0.5ms)[0m  [1mBEGIN[0m
  [1m[35mSQL (0.7ms)[0m  INSERT INTO "movies" ("title", "imdbID", "created_at", "updated_at") VALUES ($1, $2, $3, $4) RETURNING "id"  [["title", "PK"], ["imdbID", "2"], ["created_at", "2023-11-21 10:19:09.730909"], ["updated_at", "2023-11-21 10:19:09.730909"]]
  [1m[36m (10.3ms)[0m  [1mCOMMIT[0m


Started GET "/" for 127.0.0.1 at 2023-11-21 15:49:12 +0530
Processing by MoviesController#index as HTML
  [1m[35mMovie Load (0.4ms)[0m  SELECT "movies".* FROM "movies"
  Rendered movies/index.html.erb within layouts/application (3.9ms)
Completed 200 OK in 11ms (Views: 8.6ms | ActiveRecord: 1.7ms)


Started POST "/favorites?movie_id=1" for 127.0.0.1 at 2023-11-21 15:49:27 +0530

ActionController::RoutingError (uninitialized constant FavoritesController):
  activesupport (4.2.8) lib/active_support/inflector/methods.rb:261:in `const_get'
  activesupport (4.2.8) lib/active_support/inflector/methods.rb:261:in `block in constantize'
  activesupport (4.2.8) lib/active_support/inflector/methods.rb:259:in `each'
  activesupport (4.2.8) lib/active_support/inflector/methods.rb:259:in `inject'
  activesupport (4.2.8) lib/active_support/inflector/methods.rb:259:in `constantize'
  actionpack (4.2.8) lib/action_dispatch/routing/route_set.rb:70:in `controller_reference'
  actionpack (4.2.8) lib/action_dispatch/routing/route_set.rb:60:in `controller'
  actionpack (4.2.8) lib/action_dispatch/routing/route_set.rb:39:in `serve'
  actionpack (4.2.8) lib/action_dispatch/journey/router.rb:43:in `block in serve'
  actionpack (4.2.8) lib/action_dispatch/journey/router.rb:30:in `each'
  actionpack (4.2.8) lib/action_dispatch/journey/router.rb:30:in `serve'
  actionpack (4.2.8) lib/action_dispatch/routing/route_set.rb:817:in `call'
  rack (1.6.13) lib/rack/etag.rb:24:in `call'
  rack (1.6.13) lib/rack/conditionalget.rb:38:in `call'
  rack (1.6.13) lib/rack/head.rb:13:in `call'
  actionpack (4.2.8) lib/action_dispatch/middleware/params_parser.rb:27:in `call'
  actionpack (4.2.8) lib/action_dispatch/middleware/flash.rb:260:in `call'
  rack (1.6.13) lib/rack/session/abstract/id.rb:252:in `context'
  rack (1.6.13) lib/rack/session/abstract/id.rb:247:in `call'
  actionpack (4.2.8) lib/action_dispatch/middleware/cookies.rb:560:in `call'
  activerecord (4.2.8) lib/active_record/query_cache.rb:36:in `call'
  activerecord (4.2.8) lib/active_record/connection_adapters/abstract/connection_pool.rb:653:in `call'
  activerecord (4.2.8) lib/active_record/migration.rb:377:in `call'
  actionpack (4.2.8) lib/action_dispatch/middleware/callbacks.rb:29:in `block in call'
  activesupport (4.2.8) lib/active_support/callbacks.rb:88:in `__run_callbacks__'
  activesupport (4.2.8) lib/active_support/callbacks.rb:778:in `_run_call_callbacks'
  activesupport (4.2.8) lib/active_support/callbacks.rb:81:in `run_callbacks'
  actionpack (4.2.8) lib/action_dispatch/middleware/callbacks.rb:27:in `call'
  actionpack (4.2.8) lib/action_dispatch/middleware/reloader.rb:73:in `call'
  actionpack (4.2.8) lib/action_dispatch/middleware/remote_ip.rb:78:in `call'
  actionpack (4.2.8) lib/action_dispatch/middleware/debug_exceptions.rb:17:in `call'
  web-console (2.3.0) lib/web_console/middleware.rb:28:in `block in call'
  web-console (2.3.0) lib/web_console/middleware.rb:18:in `catch'
  web-console (2.3.0) lib/web_console/middleware.rb:18:in `call'
  actionpack (4.2.8) lib/action_dispatch/middleware/show_exceptions.rb:30:in `call'
  railties (4.2.8) lib/rails/rack/logger.rb:38:in `call_app'
  railties (4.2.8) lib/rails/rack/logger.rb:20:in `block in call'
  activesupport (4.2.8) lib/active_support/tagged_logging.rb:68:in `block in tagged'
  activesupport (4.2.8) lib/active_support/tagged_logging.rb:26:in `tagged'
  activesupport (4.2.8) lib/active_support/tagged_logging.rb:68:in `tagged'
  railties (4.2.8) lib/rails/rack/logger.rb:20:in `call'
  actionpack (4.2.8) lib/action_dispatch/middleware/request_id.rb:21:in `call'
  rack (1.6.13) lib/rack/methodoverride.rb:22:in `call'
  rack (1.6.13) lib/rack/runtime.rb:18:in `call'
  activesupport (4.2.8) lib/active_support/cache/strategy/local_cache_middleware.rb:28:in `call'
  rack (1.6.13) lib/rack/lock.rb:17:in `call'
  actionpack (4.2.8) lib/action_dispatch/middleware/static.rb:120:in `call'
  rack (1.6.13) lib/rack/sendfile.rb:113:in `call'
  railties (4.2.8) lib/rails/engine.rb:518:in `call'
  railties (4.2.8) lib/rails/application.rb:165:in `call'
  rack (1.6.13) lib/rack/lock.rb:17:in `call'
  rack (1.6.13) lib/rack/content_length.rb:15:in `call'
  rack (1.6.13) lib/rack/handler/webrick.rb:88:in `service'
  /home/neelam/.rvm/rubies/ruby-2.4.10/lib/ruby/2.4.0/webrick/httpserver.rb:140:in `service'
  /home/neelam/.rvm/rubies/ruby-2.4.10/lib/ruby/2.4.0/webrick/httpserver.rb:96:in `run'
  /home/neelam/.rvm/rubies/ruby-2.4.10/lib/ruby/2.4.0/webrick/server.rb:308:in `block in start_thread'


  Rendered /home/neelam/.rvm/gems/ruby-2.4.10/gems/actionpack-4.2.8/lib/action_dispatch/middleware/templates/rescues/_trace.html.erb (0.9ms)
  Rendered /home/neelam/.rvm/gems/ruby-2.4.10/gems/actionpack-4.2.8/lib/action_dispatch/middleware/templates/routes/_route.html.erb (0.4ms)
  Rendered /home/neelam/.rvm/gems/ruby-2.4.10/gems/actionpack-4.2.8/lib/action_dispatch/middleware/templates/routes/_table.html.erb (3.4ms)
  Rendered /home/neelam/.rvm/gems/ruby-2.4.10/gems/actionpack-4.2.8/lib/action_dispatch/middleware/templates/rescues/_request_and_response.html.erb (0.6ms)
  Rendered /home/neelam/.rvm/gems/ruby-2.4.10/gems/actionpack-4.2.8/lib/action_dispatch/middleware/templates/rescues/routing_error.html.erb within rescues/layout (14.7ms)
  Rendered /home/neelam/.rvm/gems/ruby-2.4.10/gems/web-console-2.3.0/lib/web_console/templates/_markup.html.erb (0.2ms)
  Rendered /home/neelam/.rvm/gems/ruby-2.4.10/gems/web-console-2.3.0/lib/web_console/templates/_inner_console_markup.html.erb within layouts/inlined_string (0.2ms)
  Rendered /home/neelam/.rvm/gems/ruby-2.4.10/gems/web-console-2.3.0/lib/web_console/templates/_prompt_box_markup.html.erb within layouts/inlined_string (0.1ms)
  Rendered /home/neelam/.rvm/gems/ruby-2.4.10/gems/web-console-2.3.0/lib/web_console/templates/style.css.erb within layouts/inlined_string (0.1ms)
  Rendered /home/neelam/.rvm/gems/ruby-2.4.10/gems/web-console-2.3.0/lib/web_console/templates/console.js.erb within layouts/javascript (7.5ms)
  Rendered /home/neelam/.rvm/gems/ruby-2.4.10/gems/web-console-2.3.0/lib/web_console/templates/main.js.erb within layouts/javascript (0.1ms)
  Rendered /home/neelam/.rvm/gems/ruby-2.4.10/gems/web-console-2.3.0/lib/web_console/templates/error_page.js.erb within layouts/javascript (0.1ms)
  Rendered /home/neelam/.rvm/gems/ruby-2.4.10/gems/web-console-2.3.0/lib/web_console/templates/index.html.erb (14.4ms)
